TN:
SF:/Users/chinhnc/Desktop/arm-wallet-frontend/src/polyfills.ts
FNF:0
FNH:0
LF:0
LH:0
BRF:0
BRH:0
end_of_record
TN:
SF:/Users/chinhnc/Desktop/arm-wallet-frontend/src/test.ts
FN:16,(anonymous_0)
FNF:1
FNH:1
FNDA:1,(anonymous_0)
DA:16,1
DA:18,1
DA:20,1
DA:22,1
DA:24,1
LF:5
LH:5
BRF:0
BRH:0
end_of_record
TN:
SF:/Users/chinhnc/Desktop/arm-wallet-frontend/src/app/@theme/components/show-error-valid/show-error-valid.component.ts
FN:1,(anonymous_0)
FN:7,(anonymous_1)
FN:11,(anonymous_2)
FN:12,ShowErrorValidComponent
FN:15,(anonymous_4)
FN:21,(anonymous_5)
FN:29,(anonymous_6)
FN:32,(anonymous_7)
FN:38,(anonymous_8)
FN:47,(anonymous_9)
FN:48,(anonymous_10)
FN:49,(anonymous_11)
FN:50,(anonymous_12)
FN:51,(anonymous_13)
FN:52,(anonymous_14)
FNF:15
FNH:6
FNDA:2,(anonymous_0)
FNDA:2,(anonymous_1)
FNDA:1,(anonymous_2)
FNDA:1,ShowErrorValidComponent
FNDA:1,(anonymous_4)
FNDA:2,(anonymous_5)
FNDA:0,(anonymous_6)
FNDA:0,(anonymous_7)
FNDA:0,(anonymous_8)
FNDA:0,(anonymous_9)
FNDA:0,(anonymous_10)
FNDA:0,(anonymous_11)
FNDA:0,(anonymous_12)
FNDA:0,(anonymous_13)
FNDA:0,(anonymous_14)
DA:1,1
DA:2,2
DA:3,2
DA:4,4
DA:5,2
DA:7,1
DA:8,2
DA:11,1
DA:14,1
DA:15,1
DA:21,1
DA:22,2
DA:29,1
DA:30,0
DA:31,0
DA:32,0
DA:38,1
DA:39,0
DA:46,1
DA:47,0
DA:48,0
DA:49,0
DA:50,0
DA:51,0
DA:52,0
DA:54,1
DA:58,1
DA:67,1
LF:28
LH:18
BRDA:1,0,0,1
BRDA:1,0,1,0
BRDA:1,0,2,1
BRDA:2,1,0,1
BRDA:2,1,1,1
BRDA:2,2,0,0
BRDA:2,2,1,1
BRDA:3,3,0,0
BRDA:3,3,1,2
BRDA:3,4,0,2
BRDA:3,4,1,2
BRDA:4,5,0,4
BRDA:4,5,1,0
BRDA:4,6,0,4
BRDA:4,6,1,3
BRDA:4,7,0,2
BRDA:4,7,1,2
BRDA:4,8,0,2
BRDA:4,8,1,0
BRDA:5,9,0,2
BRDA:5,9,1,1
BRDA:5,9,2,0
BRDA:7,10,0,1
BRDA:7,10,1,0
BRDA:7,10,2,1
BRDA:8,11,0,2
BRDA:8,11,1,0
BRDA:8,12,0,2
BRDA:8,12,1,2
BRDA:22,13,0,2
BRDA:22,13,1,0
BRDA:22,13,2,0
BRDA:22,13,3,0
BRF:33
BRH:22
end_of_record
